<?xml version="1.0" encoding="UTF-8"?>
<!-- Generated by org.testng.reporters.JUnitReportReporter -->
<testsuite hostname="LAPTOP-6C85G93H" failures="0" tests="1" name="gururunner.TestRunnerGuru" time="37.389" errors="0" timestamp="4 Nov 2023 20:18:13 GMT">
  <testcase classname="gururunner.TestRunnerGuru" name="runScenario" time="37.389"/>
</testsuite> <!-- gururunner.TestRunnerGuru -->
