<?xml version="1.0" encoding="UTF-8"?>
<!-- Generated by org.testng.reporters.JUnitReportReporter -->
<testsuite hostname="LAPTOP-6C85G93H" failures="0" tests="1" name="testpackage.Testclass" time="1.893" errors="0" timestamp="4 Nov 2023 10:05:17 GMT">
  <testcase classname="testpackage.Testclass" name="res" time="1.893"/>
</testsuite> <!-- testpackage.Testclass -->
