<?xml version="1.0" encoding="UTF-8"?>
<!-- Generated by org.testng.reporters.JUnitReportReporter -->
<testsuite hostname="LAPTOP-6C85G93H" failures="0" tests="2" name="testpackage.DataProvider" time="14.644" errors="0" timestamp="13 Nov 2023 09:19:01 GMT">
  <testcase classname="testpackage.DataProvider" name="login" time="6.476"/>
  <testcase classname="testpackage.DataProvider" name="login" time="8.168"/>
</testsuite> <!-- testpackage.DataProvider -->
