<?xml version="1.0" encoding="UTF-8"?>
<!-- Generated by org.testng.reporters.JUnitReportReporter -->
<testsuite hostname="LAPTOP-6C85G93H" failures="0" tests="2" name="testpackage.OrangeHrm" time="6.825" errors="0" timestamp="30 Oct 2023 16:42:23 GMT">
  <testcase classname="testpackage.OrangeHrm" name="OrangeTest" time="2.296"/>
  <testcase classname="testpackage.OrangeHrm" name="Table" time="4.529"/>
</testsuite> <!-- testpackage.OrangeHrm -->
