<?xml version="1.0" encoding="UTF-8"?>
<!-- Generated by org.testng.reporters.JUnitReportReporter -->
<testsuite hostname="LAPTOP-6C85G93H" failures="0" tests="1" name="testpackage.DragAndDrop" time="3.753" errors="0" timestamp="6 Nov 2023 07:01:16 GMT">
  <testcase classname="testpackage.DragAndDrop" name="dgdrop" time="3.753"/>
</testsuite> <!-- testpackage.DragAndDrop -->
