<?xml version="1.0" encoding="UTF-8"?>
<!-- Generated by org.testng.reporters.JUnitReportReporter -->
<testsuite hostname="LAPTOP-6C85G93H" failures="0" tests="1" name="testpackage.DataDriven" time="5.402" errors="0" timestamp="2 Nov 2023 09:49:58 GMT">
  <testcase classname="testpackage.DataDriven" name="dd" time="5.402"/>
</testsuite> <!-- testpackage.DataDriven -->
