<?xml version="1.0" encoding="UTF-8"?>
<!-- Generated by org.testng.reporters.JUnitReportReporter -->
<testsuite hostname="LAPTOP-6C85G93H" failures="0" tests="2" name="testpackage.GroupsTNG" time="0.034" errors="0" timestamp="2 Nov 2023 05:50:50 GMT">
  <testcase classname="testpackage.GroupsTNG" name="tc2" time="0.032"/>
  <testcase classname="testpackage.GroupsTNG" name="tc4" time="0.002"/>
</testsuite> <!-- testpackage.GroupsTNG -->
