<?xml version="1.0" encoding="UTF-8"?>
<!-- Generated by org.testng.reporters.JUnitReportReporter -->
<testsuite hostname="LAPTOP-6C85G93H" failures="0" tests="1" name="testpackage.BrowserHandling" time="0.025" errors="0" timestamp="2 Nov 2023 10:37:48 GMT">
  <testcase classname="testpackage.BrowserHandling" name="tc1" time="0.025"/>
</testsuite> <!-- testpackage.BrowserHandling -->
