<?xml version="1.0" encoding="UTF-8"?>
<!-- Generated by org.testng.reporters.JUnitReportReporter -->
<testsuite hostname="LAPTOP-6C85G93H" failures="0" tests="3" name="makeMyTripProject.MMTrip" time="40.726" errors="0" timestamp="8 Nov 2023 09:56:47 GMT">
  <testcase classname="makeMyTripProject.MMTrip" name="Holiday_pack" time="5.460"/>
  <testcase classname="makeMyTripProject.MMTrip" name="select_package" time="20.977"/>
  <testcase classname="makeMyTripProject.MMTrip" name="package_search" time="14.289"/>
</testsuite> <!-- makeMyTripProject.MMTrip -->
