<?xml version="1.0" encoding="UTF-8"?>
<!-- Generated by org.testng.reporters.JUnitReportReporter -->
<testsuite hostname="LAPTOP-6C85G93H" failures="0" tests="1" name="guruRunnerPosNeg.GuruPosNegTestRunner" time="43.743" errors="0" timestamp="5 Nov 2023 09:06:32 GMT">
  <testcase classname="guruRunnerPosNeg.GuruPosNegTestRunner" name="runScenario" time="43.743"/>
</testsuite> <!-- guruRunnerPosNeg.GuruPosNegTestRunner -->
